<?xml version="1.0" encoding="UTF-8"?>
<!-- Generated by org.testng.reporters.JUnitXMLReporter -->
<testsuite hostname="DESKTOP-FV9RENB" ignored="0" name="insertStaff" tests="4" failures="0" timestamp="17 Jun 2020 02:47:03 GMT" time="15.439" errors="0">
  <testcase name="insertStaff32" time="2.176" classname="java5.assignment.testAutoWithSelenium.maNhanVienTest"/>
  <testcase name="insertStaff33" time="2.22" classname="java5.assignment.testAutoWithSelenium.maNhanVienTest"/>
  <testcase name="insertStaff34" time="2.275" classname="java5.assignment.testAutoWithSelenium.maNhanVienTest"/>
  <testcase name="insertStaff35" time="2.256" classname="java5.assignment.testAutoWithSelenium.maNhanVienTest"/>
</testsuite> <!-- insertStaff -->
