<?xml version="1.0" encoding="UTF-8"?>
<!-- Generated by org.testng.reporters.JUnitXMLReporter -->
<testsuite hostname="DESKTOP-FV9RENB" ignored="6" name="Add_031" tests="1" failures="0" timestamp="12 Jun 2020 12:35:26 GMT" time="0.277" errors="0">
  <testcase name="addStaff7" time="0.222" classname="java5.assignment.test.StaffDAOTest"/>
  <testcase name="addStaff6" time="0.0" classname="java5.assignment.test.StaffDAOTest">
    <ignored/>
  </testcase> <!-- addStaff6 -->
  <testcase name="addStaff3" time="0.0" classname="java5.assignment.test.StaffDAOTest">
    <ignored/>
  </testcase> <!-- addStaff3 -->
  <testcase name="addStaff5" time="0.0" classname="java5.assignment.test.StaffDAOTest">
    <ignored/>
  </testcase> <!-- addStaff5 -->
  <testcase name="addStaff2" time="0.0" classname="java5.assignment.test.StaffDAOTest">
    <ignored/>
  </testcase> <!-- addStaff2 -->
  <testcase name="addStaff1" time="0.0" classname="java5.assignment.test.StaffDAOTest">
    <ignored/>
  </testcase> <!-- addStaff1 -->
  <testcase name="addStaff4" time="0.0" classname="java5.assignment.test.StaffDAOTest">
    <ignored/>
  </testcase> <!-- addStaff4 -->
</testsuite> <!-- Add_031 -->
