<?xml version="1.0" encoding="UTF-8"?>
<!-- Generated by org.testng.reporters.JUnitXMLReporter -->
<testsuite hostname="DESKTOP-FV9RENB" ignored="0" name="Default test" tests="5" failures="0" timestamp="17 Jun 2020 02:50:22 GMT" time="18.55" errors="0">
  <testcase name="insertStaff32" time="2.206" classname="java5.assignment.testAutoWithSelenium.maNhanVienTest"/>
  <testcase name="insertStaff33" time="2.496" classname="java5.assignment.testAutoWithSelenium.maNhanVienTest"/>
  <testcase name="insertStaff34" time="2.266" classname="java5.assignment.testAutoWithSelenium.maNhanVienTest"/>
  <testcase name="insertStaff35" time="2.267" classname="java5.assignment.testAutoWithSelenium.maNhanVienTest"/>
  <testcase name="insertStaff36" time="2.196" classname="java5.assignment.testAutoWithSelenium.maNhanVienTest"/>
</testsuite> <!-- Default test -->
